<?xml version="1.0" encoding="UTF-8"?><testrun name="TestRunner" project="cucumberJavaV1" tests="1" started="1" failures="0" errors="1" ignored="0">
  <testsuite name="testRunner.TestRunner" time="17.422">
    <testsuite name="Filter Search" time="17.422">
      <testcase name="Search row" classname="Filter Search" time="17.422">
        <error>org.openqa.selenium.TimeoutException: Expected condition failed: waiting for visibility of element located by By.id: GridFrow2fltPerson-awed (tried for 10 second(s) with 500 milliseconds interval)
Build info: version: '4.1.4', revision: '535d840ee2'
System info: host: 'DESKTOP-5SRPD8A', ip: '192.168.254.171', os.name: 'Windows 10', os.arch: 'amd64', os.version: '10.0', java.version: '1.8.0_202'
Driver info: org.openqa.selenium.chrome.ChromeDriver
Capabilities {acceptInsecureCerts: false, browserName: chrome, browserVersion: 101.0.4951.67, chrome: {chromedriverVersion: 101.0.4951.41 (93c720db8323..., userDataDir: C:\Users\ABRAHA~1\AppData\L...}, goog:chromeOptions: {debuggerAddress: localhost:57888}, javascriptEnabled: true, networkConnectionEnabled: false, pageLoadStrategy: normal, platform: WINDOWS, platformName: WINDOWS, proxy: Proxy(), se:cdp: ws://localhost:57888/devtoo..., se:cdpVersion: 101.0.4951.67, setWindowRect: true, strictFileInteractability: false, timeouts: {implicit: 0, pageLoad: 300000, script: 30000}, unhandledPromptBehavior: dismiss and notify, webauthn:extension:credBlob: true, webauthn:extension:largeBlob: true, webauthn:virtualAuthenticators: true}
Session ID: 4f14d09ade15f4abd19c978b558940cc&#13;
	at org.openqa.selenium.support.ui.WebDriverWait.timeoutException(WebDriverWait.java:87)&#13;
	at org.openqa.selenium.support.ui.FluentWait.until(FluentWait.java:231)&#13;
	at pages.HomePage.explicitWait(HomePage.java:76)&#13;
	at pages.HomePage.enterName(HomePage.java:32)&#13;
	at stepDefinitions.FilterTest.filter_record(FilterTest.java:43)&#13;
	at âœ½.filter a record using Jennifer, 2013 and French toast(file:///C:/Users/Abraham%20Ora/Desktop/CucumberJava/cucumberJavaV1/src/test/java/Features/filter.feature:7)&#13;
&#13;
</error>
      </testcase>
    </testsuite>
  </testsuite>
</testrun>
